2025-11-07 10:16:41:1641 [32minfo[39m: [32mServer is running on port 5000[39m
2025-11-07 10:16:41:1641 [32minfo[39m: [32mAPI Documentation available at http://localhost:5000/api-docs[39m
2025-11-07 10:16:42:1642 [32minfo[39m: [32mMongoDB connected successfully[39m
2025-11-07 10:16:42:1642 [33mwarn[39m: [33mEmail transporter not configured properly:[39m
2025-11-07 10:16:42:1642 [33mwarn[39m: [33mEmail functionality will be disabled. Set EMAIL_USER and EMAIL_PASSWORD in .env[39m
2025-11-07 10:21:59:2159 [32minfo[39m: [32mServer is running on port 5000[39m
2025-11-07 10:21:59:2159 [32minfo[39m: [32mAPI Documentation available at http://localhost:5000/api-docs[39m
2025-11-07 10:22:00:220 [32minfo[39m: [32mMongoDB connected successfully[39m
2025-11-07 10:22:00:220 [33mwarn[39m: [33mEmail transporter not configured properly:[39m
2025-11-07 10:22:00:220 [33mwarn[39m: [33mEmail functionality will be disabled. Set EMAIL_USER and EMAIL_PASSWORD in .env[39m
2025-11-07 10:24:07:247 [33mwarn[39m: [33mEmail transporter not configured: EMAIL_USER and/or EMAIL_PASSWORD not set[39m
2025-11-07 10:24:07:247 [33mwarn[39m: [33mEmail functionality will be disabled. Set EMAIL_USER and EMAIL_PASSWORD in .env or docker-compose.yml[39m
2025-11-07 10:24:07:247 [32minfo[39m: [32mServer is running on port 5000[39m
2025-11-07 10:24:07:247 [32minfo[39m: [32mAPI Documentation available at http://localhost:5000/api-docs[39m
2025-11-07 10:24:09:249 [32minfo[39m: [32mMongoDB connected successfully[39m
2025-11-07 10:24:20:2420 [33mwarn[39m: [33mEmail transporter not configured: EMAIL_USER and/or EMAIL_PASSWORD not set[39m
2025-11-07 10:24:20:2420 [33mwarn[39m: [33mEmail functionality will be disabled. Set EMAIL_USER and EMAIL_PASSWORD in .env or docker-compose.yml[39m
2025-11-07 10:24:20:2420 [32minfo[39m: [32mServer is running on port 5000[39m
2025-11-07 10:24:20:2420 [32minfo[39m: [32mAPI Documentation available at http://localhost:5000/api-docs[39m
2025-11-07 10:24:21:2421 [32minfo[39m: [32mMongoDB connected successfully[39m
2025-11-07 10:25:36:2536 [33mwarn[39m: [33mEmail transporter not configured: EMAIL_USER and/or EMAIL_PASSWORD not set[39m
2025-11-07 10:25:36:2536 [33mwarn[39m: [33mEmail functionality will be disabled. Set EMAIL_USER and EMAIL_PASSWORD in .env or docker-compose.yml[39m
2025-11-07 10:25:36:2536 [32minfo[39m: [32mServer is running on port 5000[39m
2025-11-07 10:25:36:2536 [32minfo[39m: [32mAPI Documentation available at http://localhost:5000/api-docs[39m
2025-11-07 10:25:37:2537 [32minfo[39m: [32mMongoDB connected successfully[39m
